{"D:\\rocketseat\\appgobarber\\src\\components\\Button\\index.tsx": {"path":"D:\\rocketseat\\appgobarber\\src\\components\\Button\\index.tsx","statementMap":{"0":{"start":{"line":10,"column":38},"end":{"line":16,"column":1}},"1":{"start":{"line":11,"column":2},"end":{"line":15,"column":4}}},"fnMap":{"0":{"name":"(anonymous_0)","decl":{"start":{"line":10,"column":38},"end":{"line":10,"column":39}},"loc":{"start":{"line":10,"column":65},"end":{"line":16,"column":1}},"line":10}},"branchMap":{},"s":{"0":1,"1":1},"f":{"0":1},"b":{},"_coverageSchema":"43e27e138ebf9cfc5966b082cf9a028302ed4184","hash":"c9d289c260099a1fb9b0b1e5ffd6f1604f916570"}
,"D:\\rocketseat\\appgobarber\\src\\components\\Input\\index.tsx": {"path":"D:\\rocketseat\\appgobarber\\src\\components\\Input\\index.tsx","statementMap":{"0":{"start":{"line":27,"column":66},"end":{"line":91,"column":1}},"1":{"start":{"line":31,"column":26},"end":{"line":31,"column":43}},"2":{"start":{"line":32,"column":65},"end":{"line":32,"column":79}},"3":{"start":{"line":33,"column":24},"end":{"line":33,"column":76}},"4":{"start":{"line":34,"column":36},"end":{"line":34,"column":51}},"5":{"start":{"line":35,"column":34},"end":{"line":35,"column":49}},"6":{"start":{"line":37,"column":27},"end":{"line":39,"column":8}},"7":{"start":{"line":38,"column":4},"end":{"line":38,"column":23}},"8":{"start":{"line":41,"column":26},"end":{"line":44,"column":8}},"9":{"start":{"line":42,"column":4},"end":{"line":42,"column":24}},"10":{"start":{"line":43,"column":4},"end":{"line":43,"column":47}},"11":{"start":{"line":46,"column":2},"end":{"line":50,"column":6}},"12":{"start":{"line":46,"column":40},"end":{"line":50,"column":3}},"13":{"start":{"line":48,"column":6},"end":{"line":48,"column":38}},"14":{"start":{"line":52,"column":2},"end":{"line":66,"column":33}},"15":{"start":{"line":53,"column":4},"end":{"line":65,"column":7}},"16":{"start":{"line":58,"column":8},"end":{"line":58,"column":44}},"17":{"start":{"line":59,"column":8},"end":{"line":59,"column":64}},"18":{"start":{"line":62,"column":8},"end":{"line":62,"column":41}},"19":{"start":{"line":63,"column":8},"end":{"line":63,"column":40}},"20":{"start":{"line":68,"column":2},"end":{"line":90,"column":4}},"21":{"start":{"line":83,"column":10},"end":{"line":83,"column":46}}},"fnMap":{"0":{"name":"(anonymous_0)","decl":{"start":{"line":27,"column":66},"end":{"line":27,"column":67}},"loc":{"start":{"line":30,"column":5},"end":{"line":91,"column":1}},"line":30},"1":{"name":"(anonymous_1)","decl":{"start":{"line":37,"column":39},"end":{"line":37,"column":40}},"loc":{"start":{"line":37,"column":45},"end":{"line":39,"column":3}},"line":37},"2":{"name":"(anonymous_2)","decl":{"start":{"line":41,"column":38},"end":{"line":41,"column":39}},"loc":{"start":{"line":41,"column":44},"end":{"line":44,"column":3}},"line":41},"3":{"name":"(anonymous_3)","decl":{"start":{"line":46,"column":33},"end":{"line":46,"column":34}},"loc":{"start":{"line":46,"column":40},"end":{"line":50,"column":3}},"line":46},"4":{"name":"(anonymous_4)","decl":{"start":{"line":47,"column":4},"end":{"line":47,"column":5}},"loc":{"start":{"line":47,"column":12},"end":{"line":49,"column":5}},"line":47},"5":{"name":"(anonymous_5)","decl":{"start":{"line":52,"column":12},"end":{"line":52,"column":13}},"loc":{"start":{"line":52,"column":18},"end":{"line":66,"column":3}},"line":52},"6":{"name":"(anonymous_6)","decl":{"start":{"line":57,"column":6},"end":{"line":57,"column":7}},"loc":{"start":{"line":57,"column":32},"end":{"line":60,"column":7}},"line":57},"7":{"name":"(anonymous_7)","decl":{"start":{"line":61,"column":6},"end":{"line":61,"column":7}},"loc":{"start":{"line":61,"column":19},"end":{"line":64,"column":7}},"line":61},"8":{"name":"(anonymous_8)","decl":{"start":{"line":82,"column":22},"end":{"line":82,"column":23}},"loc":{"start":{"line":82,"column":31},"end":{"line":84,"column":9}},"line":82}},"branchMap":{"0":{"loc":{"start":{"line":28,"column":10},"end":{"line":28,"column":29}},"type":"default-arg","locations":[{"start":{"line":28,"column":27},"end":{"line":28,"column":29}}],"line":28},"1":{"loc":{"start":{"line":32,"column":25},"end":{"line":32,"column":42}},"type":"default-arg","locations":[{"start":{"line":32,"column":40},"end":{"line":32,"column":42}}],"line":32},"2":{"loc":{"start":{"line":70,"column":7},"end":{"line":76,"column":7}},"type":"binary-expr","locations":[{"start":{"line":70,"column":7},"end":{"line":70,"column":11}},{"start":{"line":71,"column":8},"end":{"line":75,"column":10}}],"line":70},"3":{"loc":{"start":{"line":74,"column":17},"end":{"line":74,"column":62}},"type":"cond-expr","locations":[{"start":{"line":74,"column":41},"end":{"line":74,"column":50}},{"start":{"line":74,"column":53},"end":{"line":74,"column":62}}],"line":74},"4":{"loc":{"start":{"line":74,"column":17},"end":{"line":74,"column":38}},"type":"binary-expr","locations":[{"start":{"line":74,"column":17},"end":{"line":74,"column":26}},{"start":{"line":74,"column":30},"end":{"line":74,"column":38}}],"line":74}},"s":{"0":1,"1":2,"2":2,"3":2,"4":2,"5":2,"6":2,"7":0,"8":2,"9":0,"10":0,"11":2,"12":1,"13":0,"14":2,"15":2,"16":0,"17":0,"18":0,"19":0,"20":2,"21":0},"f":{"0":2,"1":0,"2":0,"3":1,"4":0,"5":2,"6":0,"7":0,"8":0},"b":{"0":[2],"1":[2],"2":[2,2],"3":[0,2],"4":[2,2]},"_coverageSchema":"43e27e138ebf9cfc5966b082cf9a028302ed4184","hash":"ef3d0d118145f00add0b10a082580db937e8ad3e"}
,"D:\\rocketseat\\appgobarber\\src\\pages\\AppopintmentCreated\\index.tsx": {"path":"D:\\rocketseat\\appgobarber\\src\\pages\\AppopintmentCreated\\index.tsx","statementMap":{"0":{"start":{"line":19,"column":37},"end":{"line":58,"column":1}},"1":{"start":{"line":20,"column":20},"end":{"line":20,"column":35}},"2":{"start":{"line":21,"column":21},"end":{"line":21,"column":31}},"3":{"start":{"line":23,"column":19},"end":{"line":23,"column":40}},"4":{"start":{"line":25,"column":24},"end":{"line":31,"column":12}},"5":{"start":{"line":26,"column":4},"end":{"line":30,"column":6}},"6":{"start":{"line":33,"column":26},"end":{"line":46,"column":13}},"7":{"start":{"line":34,"column":4},"end":{"line":45,"column":7}},"8":{"start":{"line":48,"column":2},"end":{"line":57,"column":4}}},"fnMap":{"0":{"name":"(anonymous_0)","decl":{"start":{"line":19,"column":37},"end":{"line":19,"column":38}},"loc":{"start":{"line":19,"column":43},"end":{"line":58,"column":1}},"line":19},"1":{"name":"(anonymous_1)","decl":{"start":{"line":25,"column":32},"end":{"line":25,"column":33}},"loc":{"start":{"line":25,"column":38},"end":{"line":31,"column":3}},"line":25},"2":{"name":"(anonymous_2)","decl":{"start":{"line":33,"column":38},"end":{"line":33,"column":39}},"loc":{"start":{"line":33,"column":44},"end":{"line":46,"column":3}},"line":33}},"branchMap":{},"s":{"0":0,"1":0,"2":0,"3":0,"4":0,"5":0,"6":0,"7":0,"8":0},"f":{"0":0,"1":0,"2":0},"b":{},"hash":"f49b3118fb5ae5aa16c6755f693f78d8275f5246"}
,"D:\\rocketseat\\appgobarber\\src\\pages\\CreateAppointment\\index.tsx": {"path":"D:\\rocketseat\\appgobarber\\src\\pages\\CreateAppointment\\index.tsx","statementMap":{"0":{"start":{"line":48,"column":36},"end":{"line":245,"column":1}},"1":{"start":{"line":49,"column":16},"end":{"line":49,"column":26}},"2":{"start":{"line":50,"column":31},"end":{"line":50,"column":46}},"3":{"start":{"line":51,"column":19},"end":{"line":51,"column":28}},"4":{"start":{"line":52,"column":25},"end":{"line":52,"column":52}},"5":{"start":{"line":54,"column":42},"end":{"line":54,"column":74}},"6":{"start":{"line":55,"column":42},"end":{"line":55,"column":68}},"7":{"start":{"line":56,"column":42},"end":{"line":56,"column":53}},"8":{"start":{"line":57,"column":46},"end":{"line":57,"column":70}},"9":{"start":{"line":58,"column":36},"end":{"line":58,"column":60}},"10":{"start":{"line":59,"column":50},"end":{"line":59,"column":70}},"11":{"start":{"line":61,"column":31},"end":{"line":63,"column":8}},"12":{"start":{"line":62,"column":4},"end":{"line":62,"column":28}},"13":{"start":{"line":65,"column":23},"end":{"line":67,"column":14}},"14":{"start":{"line":66,"column":4},"end":{"line":66,"column":13}},"15":{"start":{"line":69,"column":33},"end":{"line":71,"column":8}},"16":{"start":{"line":70,"column":4},"end":{"line":70,"column":37}},"17":{"start":{"line":70,"column":30},"end":{"line":70,"column":35}},"18":{"start":{"line":73,"column":28},"end":{"line":77,"column":8}},"19":{"start":{"line":74,"column":4},"end":{"line":74,"column":60}},"20":{"start":{"line":74,"column":35},"end":{"line":74,"column":60}},"21":{"start":{"line":76,"column":4},"end":{"line":76,"column":36}},"22":{"start":{"line":76,"column":14},"end":{"line":76,"column":36}},"23":{"start":{"line":79,"column":30},"end":{"line":89,"column":34}},"24":{"start":{"line":80,"column":4},"end":{"line":88,"column":9}},"25":{"start":{"line":81,"column":28},"end":{"line":81,"column":37}},"26":{"start":{"line":83,"column":8},"end":{"line":87,"column":10}},"27":{"start":{"line":91,"column":27},"end":{"line":94,"column":3}},"28":{"start":{"line":92,"column":22},"end":{"line":92,"column":43}},"29":{"start":{"line":96,"column":34},"end":{"line":113,"column":62}},"30":{"start":{"line":97,"column":4},"end":{"line":112,"column":5}},"31":{"start":{"line":98,"column":19},"end":{"line":98,"column":41}},"32":{"start":{"line":99,"column":6},"end":{"line":99,"column":34}},"33":{"start":{"line":100,"column":6},"end":{"line":100,"column":25}},"34":{"start":{"line":102,"column":6},"end":{"line":105,"column":9}},"35":{"start":{"line":106,"column":6},"end":{"line":106,"column":63}},"36":{"start":{"line":108,"column":6},"end":{"line":111,"column":8}},"37":{"start":{"line":115,"column":32},"end":{"line":125,"column":34}},"38":{"start":{"line":116,"column":4},"end":{"line":124,"column":9}},"39":{"start":{"line":117,"column":28},"end":{"line":117,"column":38}},"40":{"start":{"line":119,"column":8},"end":{"line":123,"column":10}},"41":{"start":{"line":127,"column":2},"end":{"line":131,"column":9}},"42":{"start":{"line":128,"column":4},"end":{"line":130,"column":7}},"43":{"start":{"line":129,"column":6},"end":{"line":129,"column":34}},"44":{"start":{"line":133,"column":2},"end":{"line":148,"column":39}},"45":{"start":{"line":134,"column":4},"end":{"line":147,"column":9}},"46":{"start":{"line":146,"column":8},"end":{"line":146,"column":39}},"47":{"start":{"line":150,"column":2},"end":{"line":244,"column":4}},"48":{"start":{"line":166,"column":38},"end":{"line":166,"column":49}},"49":{"start":{"line":168,"column":14},"end":{"line":176,"column":34}},"50":{"start":{"line":169,"column":31},"end":{"line":169,"column":64}},"51":{"start":{"line":204,"column":16},"end":{"line":214,"column":23}},"52":{"start":{"line":207,"column":33},"end":{"line":207,"column":55}},"53":{"start":{"line":223,"column":18},"end":{"line":233,"column":25}},"54":{"start":{"line":226,"column":35},"end":{"line":226,"column":57}}},"fnMap":{"0":{"name":"(anonymous_0)","decl":{"start":{"line":48,"column":36},"end":{"line":48,"column":37}},"loc":{"start":{"line":48,"column":42},"end":{"line":245,"column":1}},"line":48},"1":{"name":"(anonymous_1)","decl":{"start":{"line":61,"column":43},"end":{"line":61,"column":44}},"loc":{"start":{"line":61,"column":59},"end":{"line":63,"column":3}},"line":61},"2":{"name":"(anonymous_2)","decl":{"start":{"line":65,"column":35},"end":{"line":65,"column":36}},"loc":{"start":{"line":65,"column":41},"end":{"line":67,"column":3}},"line":65},"3":{"name":"(anonymous_3)","decl":{"start":{"line":69,"column":45},"end":{"line":69,"column":46}},"loc":{"start":{"line":69,"column":51},"end":{"line":71,"column":3}},"line":69},"4":{"name":"(anonymous_4)","decl":{"start":{"line":70,"column":22},"end":{"line":70,"column":23}},"loc":{"start":{"line":70,"column":30},"end":{"line":70,"column":35}},"line":70},"5":{"name":"(anonymous_5)","decl":{"start":{"line":73,"column":40},"end":{"line":73,"column":41}},"loc":{"start":{"line":73,"column":71},"end":{"line":77,"column":3}},"line":73},"6":{"name":"(anonymous_6)","decl":{"start":{"line":79,"column":38},"end":{"line":79,"column":39}},"loc":{"start":{"line":79,"column":44},"end":{"line":89,"column":3}},"line":79},"7":{"name":"(anonymous_7)","decl":{"start":{"line":81,"column":14},"end":{"line":81,"column":15}},"loc":{"start":{"line":81,"column":28},"end":{"line":81,"column":37}},"line":81},"8":{"name":"(anonymous_8)","decl":{"start":{"line":82,"column":11},"end":{"line":82,"column":12}},"loc":{"start":{"line":82,"column":36},"end":{"line":88,"column":7}},"line":82},"9":{"name":"(anonymous_9)","decl":{"start":{"line":92,"column":4},"end":{"line":92,"column":5}},"loc":{"start":{"line":92,"column":22},"end":{"line":92,"column":43}},"line":92},"10":{"name":"(anonymous_10)","decl":{"start":{"line":96,"column":46},"end":{"line":96,"column":47}},"loc":{"start":{"line":96,"column":58},"end":{"line":113,"column":3}},"line":96},"11":{"name":"(anonymous_11)","decl":{"start":{"line":115,"column":40},"end":{"line":115,"column":41}},"loc":{"start":{"line":115,"column":46},"end":{"line":125,"column":3}},"line":115},"12":{"name":"(anonymous_12)","decl":{"start":{"line":117,"column":14},"end":{"line":117,"column":15}},"loc":{"start":{"line":117,"column":28},"end":{"line":117,"column":38}},"line":117},"13":{"name":"(anonymous_13)","decl":{"start":{"line":118,"column":11},"end":{"line":118,"column":12}},"loc":{"start":{"line":118,"column":36},"end":{"line":124,"column":7}},"line":118},"14":{"name":"(anonymous_14)","decl":{"start":{"line":127,"column":12},"end":{"line":127,"column":13}},"loc":{"start":{"line":127,"column":18},"end":{"line":131,"column":3}},"line":127},"15":{"name":"(anonymous_15)","decl":{"start":{"line":128,"column":42},"end":{"line":128,"column":43}},"loc":{"start":{"line":128,"column":54},"end":{"line":130,"column":5}},"line":128},"16":{"name":"(anonymous_16)","decl":{"start":{"line":133,"column":12},"end":{"line":133,"column":13}},"loc":{"start":{"line":133,"column":18},"end":{"line":148,"column":3}},"line":133},"17":{"name":"(anonymous_17)","decl":{"start":{"line":145,"column":12},"end":{"line":145,"column":13}},"loc":{"start":{"line":145,"column":24},"end":{"line":147,"column":7}},"line":145},"18":{"name":"(anonymous_18)","decl":{"start":{"line":166,"column":26},"end":{"line":166,"column":27}},"loc":{"start":{"line":166,"column":38},"end":{"line":166,"column":49}},"line":166},"19":{"name":"(anonymous_19)","decl":{"start":{"line":167,"column":24},"end":{"line":167,"column":25}},"loc":{"start":{"line":168,"column":14},"end":{"line":176,"column":34}},"line":168},"20":{"name":"(anonymous_20)","decl":{"start":{"line":169,"column":25},"end":{"line":169,"column":26}},"loc":{"start":{"line":169,"column":31},"end":{"line":169,"column":64}},"line":169},"21":{"name":"(anonymous_21)","decl":{"start":{"line":203,"column":39},"end":{"line":203,"column":40}},"loc":{"start":{"line":204,"column":16},"end":{"line":214,"column":23}},"line":204},"22":{"name":"(anonymous_22)","decl":{"start":{"line":207,"column":27},"end":{"line":207,"column":28}},"loc":{"start":{"line":207,"column":33},"end":{"line":207,"column":55}},"line":207},"23":{"name":"(anonymous_23)","decl":{"start":{"line":222,"column":16},"end":{"line":222,"column":17}},"loc":{"start":{"line":223,"column":18},"end":{"line":233,"column":25}},"line":223},"24":{"name":"(anonymous_24)","decl":{"start":{"line":226,"column":29},"end":{"line":226,"column":30}},"loc":{"start":{"line":226,"column":35},"end":{"line":226,"column":57}},"line":226}},"branchMap":{"0":{"loc":{"start":{"line":74,"column":4},"end":{"line":74,"column":60}},"type":"if","locations":[{"start":{"line":74,"column":4},"end":{"line":74,"column":60}},{"start":{"line":74,"column":4},"end":{"line":74,"column":60}}],"line":74},"1":{"loc":{"start":{"line":76,"column":4},"end":{"line":76,"column":36}},"type":"if","locations":[{"start":{"line":76,"column":4},"end":{"line":76,"column":36}},{"start":{"line":76,"column":4},"end":{"line":76,"column":36}}],"line":76},"2":{"loc":{"start":{"line":188,"column":11},"end":{"line":196,"column":11}},"type":"binary-expr","locations":[{"start":{"line":188,"column":11},"end":{"line":188,"column":25}},{"start":{"line":189,"column":12},"end":{"line":195,"column":14}}],"line":188}},"s":{"0":0,"1":0,"2":0,"3":0,"4":0,"5":0,"6":0,"7":0,"8":0,"9":0,"10":0,"11":0,"12":0,"13":0,"14":0,"15":0,"16":0,"17":0,"18":0,"19":0,"20":0,"21":0,"22":0,"23":0,"24":0,"25":0,"26":0,"27":0,"28":0,"29":0,"30":0,"31":0,"32":0,"33":0,"34":0,"35":0,"36":0,"37":0,"38":0,"39":0,"40":0,"41":0,"42":0,"43":0,"44":0,"45":0,"46":0,"47":0,"48":0,"49":0,"50":0,"51":0,"52":0,"53":0,"54":0},"f":{"0":0,"1":0,"2":0,"3":0,"4":0,"5":0,"6":0,"7":0,"8":0,"9":0,"10":0,"11":0,"12":0,"13":0,"14":0,"15":0,"16":0,"17":0,"18":0,"19":0,"20":0,"21":0,"22":0,"23":0,"24":0},"b":{"0":[0,0],"1":[0,0],"2":[0,0]},"hash":"9a2c0dc1218b43ebc5c268e65b2a86284f15d347"}
,"D:\\rocketseat\\appgobarber\\src\\pages\\Dashboard\\index.tsx": {"path":"D:\\rocketseat\\appgobarber\\src\\pages\\Dashboard\\index.tsx","statementMap":{"0":{"start":{"line":32,"column":28},"end":{"line":91,"column":1}},"1":{"start":{"line":33,"column":36},"end":{"line":33,"column":60}},"2":{"start":{"line":34,"column":28},"end":{"line":34,"column":37}},"3":{"start":{"line":35,"column":23},"end":{"line":35,"column":38}},"4":{"start":{"line":37,"column":2},"end":{"line":41,"column":9}},"5":{"start":{"line":38,"column":4},"end":{"line":40,"column":7}},"6":{"start":{"line":39,"column":6},"end":{"line":39,"column":34}},"7":{"start":{"line":43,"column":28},"end":{"line":45,"column":16}},"8":{"start":{"line":44,"column":4},"end":{"line":44,"column":24}},"9":{"start":{"line":47,"column":32},"end":{"line":52,"column":3}},"10":{"start":{"line":49,"column":6},"end":{"line":49,"column":52}},"11":{"start":{"line":54,"column":2},"end":{"line":90,"column":4}},"12":{"start":{"line":70,"column":34},"end":{"line":70,"column":45}},"13":{"start":{"line":72,"column":10},"end":{"line":85,"column":30}},"14":{"start":{"line":72,"column":44},"end":{"line":72,"column":78}}},"fnMap":{"0":{"name":"(anonymous_0)","decl":{"start":{"line":32,"column":28},"end":{"line":32,"column":29}},"loc":{"start":{"line":32,"column":34},"end":{"line":91,"column":1}},"line":32},"1":{"name":"(anonymous_1)","decl":{"start":{"line":37,"column":12},"end":{"line":37,"column":13}},"loc":{"start":{"line":37,"column":18},"end":{"line":41,"column":3}},"line":37},"2":{"name":"(anonymous_2)","decl":{"start":{"line":38,"column":42},"end":{"line":38,"column":43}},"loc":{"start":{"line":38,"column":54},"end":{"line":40,"column":5}},"line":38},"3":{"name":"(anonymous_3)","decl":{"start":{"line":43,"column":40},"end":{"line":43,"column":41}},"loc":{"start":{"line":43,"column":46},"end":{"line":45,"column":3}},"line":43},"4":{"name":"(anonymous_4)","decl":{"start":{"line":48,"column":4},"end":{"line":48,"column":5}},"loc":{"start":{"line":48,"column":28},"end":{"line":50,"column":5}},"line":48},"5":{"name":"(anonymous_5)","decl":{"start":{"line":70,"column":22},"end":{"line":70,"column":23}},"loc":{"start":{"line":70,"column":34},"end":{"line":70,"column":45}},"line":70},"6":{"name":"(anonymous_6)","decl":{"start":{"line":71,"column":20},"end":{"line":71,"column":21}},"loc":{"start":{"line":72,"column":10},"end":{"line":85,"column":30}},"line":72},"7":{"name":"(anonymous_7)","decl":{"start":{"line":72,"column":38},"end":{"line":72,"column":39}},"loc":{"start":{"line":72,"column":44},"end":{"line":72,"column":78}},"line":72}},"branchMap":{},"s":{"0":0,"1":0,"2":0,"3":0,"4":0,"5":0,"6":0,"7":0,"8":0,"9":0,"10":0,"11":0,"12":0,"13":0,"14":0},"f":{"0":0,"1":0,"2":0,"3":0,"4":0,"5":0,"6":0,"7":0},"b":{},"hash":"5475e5a30cd9556bc471d2a6f1438773d2abd203"}
,"D:\\rocketseat\\appgobarber\\src\\pages\\Profile\\index.tsx": {"path":"D:\\rocketseat\\appgobarber\\src\\pages\\Profile\\index.tsx","statementMap":{"0":{"start":{"line":42,"column":26},"end":{"line":292,"column":1}},"1":{"start":{"line":43,"column":31},"end":{"line":43,"column":40}},"2":{"start":{"line":44,"column":18},"end":{"line":44,"column":41}},"3":{"start":{"line":45,"column":19},"end":{"line":45,"column":42}},"4":{"start":{"line":46,"column":25},"end":{"line":46,"column":48}},"5":{"start":{"line":47,"column":22},"end":{"line":47,"column":45}},"6":{"start":{"line":48,"column":29},"end":{"line":48,"column":52}},"7":{"start":{"line":49,"column":18},"end":{"line":49,"column":43}},"8":{"start":{"line":50,"column":21},"end":{"line":50,"column":36}},"9":{"start":{"line":53,"column":23},"end":{"line":129,"column":3}},"10":{"start":{"line":55,"column":6},"end":{"line":126,"column":7}},"11":{"start":{"line":56,"column":8},"end":{"line":56,"column":39}},"12":{"start":{"line":57,"column":23},"end":{"line":81,"column":10}},"13":{"start":{"line":65,"column":25},"end":{"line":65,"column":37}},"14":{"start":{"line":72,"column":21},"end":{"line":72,"column":56}},"15":{"start":{"line":76,"column":25},"end":{"line":76,"column":37}},"16":{"start":{"line":82,"column":8},"end":{"line":84,"column":11}},"17":{"start":{"line":92,"column":12},"end":{"line":92,"column":16}},"18":{"start":{"line":94,"column":25},"end":{"line":104,"column":9}},"19":{"start":{"line":106,"column":25},"end":{"line":106,"column":59}},"20":{"start":{"line":108,"column":8},"end":{"line":108,"column":34}},"21":{"start":{"line":110,"column":8},"end":{"line":110,"column":54}},"22":{"start":{"line":111,"column":8},"end":{"line":111,"column":28}},"23":{"start":{"line":118,"column":8},"end":{"line":121,"column":9}},"24":{"start":{"line":119,"column":10},"end":{"line":119,"column":65}},"25":{"start":{"line":120,"column":10},"end":{"line":120,"column":17}},"26":{"start":{"line":122,"column":8},"end":{"line":125,"column":10}},"27":{"start":{"line":131,"column":29},"end":{"line":184,"column":18}},"28":{"start":{"line":132,"column":4},"end":{"line":183,"column":6}},"29":{"start":{"line":144,"column":8},"end":{"line":144,"column":39}},"30":{"start":{"line":144,"column":32},"end":{"line":144,"column":39}},"31":{"start":{"line":146,"column":8},"end":{"line":150,"column":9}},"32":{"start":{"line":147,"column":10},"end":{"line":147,"column":38}},"33":{"start":{"line":148,"column":10},"end":{"line":148,"column":55}},"34":{"start":{"line":149,"column":10},"end":{"line":149,"column":17}},"35":{"start":{"line":154,"column":21},"end":{"line":154,"column":35}},"36":{"start":{"line":155,"column":8},"end":{"line":159,"column":11}},"37":{"start":{"line":173,"column":8},"end":{"line":181,"column":13}},"38":{"start":{"line":176,"column":12},"end":{"line":176,"column":41}},"39":{"start":{"line":179,"column":12},"end":{"line":179,"column":41}},"40":{"start":{"line":180,"column":12},"end":{"line":180,"column":68}},"41":{"start":{"line":186,"column":23},"end":{"line":188,"column":18}},"42":{"start":{"line":187,"column":4},"end":{"line":187,"column":24}},"43":{"start":{"line":190,"column":2},"end":{"line":291,"column":4}},"44":{"start":{"line":225,"column":18},"end":{"line":225,"column":44}},"45":{"start":{"line":238,"column":18},"end":{"line":238,"column":50}},"46":{"start":{"line":250,"column":18},"end":{"line":250,"column":47}},"47":{"start":{"line":263,"column":18},"end":{"line":263,"column":54}},"48":{"start":{"line":275,"column":18},"end":{"line":275,"column":48}},"49":{"start":{"line":281,"column":18},"end":{"line":281,"column":48}}},"fnMap":{"0":{"name":"(anonymous_0)","decl":{"start":{"line":42,"column":26},"end":{"line":42,"column":27}},"loc":{"start":{"line":42,"column":32},"end":{"line":292,"column":1}},"line":42},"1":{"name":"(anonymous_1)","decl":{"start":{"line":54,"column":4},"end":{"line":54,"column":5}},"loc":{"start":{"line":54,"column":37},"end":{"line":127,"column":5}},"line":54},"2":{"name":"(anonymous_2)","decl":{"start":{"line":65,"column":18},"end":{"line":65,"column":19}},"loc":{"start":{"line":65,"column":25},"end":{"line":65,"column":37}},"line":65},"3":{"name":"(anonymous_3)","decl":{"start":{"line":72,"column":14},"end":{"line":72,"column":15}},"loc":{"start":{"line":72,"column":21},"end":{"line":72,"column":56}},"line":72},"4":{"name":"(anonymous_4)","decl":{"start":{"line":76,"column":18},"end":{"line":76,"column":19}},"loc":{"start":{"line":76,"column":25},"end":{"line":76,"column":37}},"line":76},"5":{"name":"(anonymous_5)","decl":{"start":{"line":131,"column":41},"end":{"line":131,"column":42}},"loc":{"start":{"line":131,"column":47},"end":{"line":184,"column":3}},"line":131},"6":{"name":"(anonymous_6)","decl":{"start":{"line":143,"column":6},"end":{"line":143,"column":7}},"loc":{"start":{"line":143,"column":18},"end":{"line":182,"column":7}},"line":143},"7":{"name":"(anonymous_7)","decl":{"start":{"line":175,"column":16},"end":{"line":175,"column":17}},"loc":{"start":{"line":175,"column":31},"end":{"line":177,"column":11}},"line":175},"8":{"name":"(anonymous_8)","decl":{"start":{"line":178,"column":17},"end":{"line":178,"column":18}},"loc":{"start":{"line":178,"column":26},"end":{"line":181,"column":11}},"line":178},"9":{"name":"(anonymous_9)","decl":{"start":{"line":186,"column":35},"end":{"line":186,"column":36}},"loc":{"start":{"line":186,"column":41},"end":{"line":188,"column":3}},"line":186},"10":{"name":"(anonymous_10)","decl":{"start":{"line":224,"column":33},"end":{"line":224,"column":34}},"loc":{"start":{"line":224,"column":39},"end":{"line":226,"column":17}},"line":224},"11":{"name":"(anonymous_11)","decl":{"start":{"line":237,"column":33},"end":{"line":237,"column":34}},"loc":{"start":{"line":237,"column":39},"end":{"line":239,"column":17}},"line":237},"12":{"name":"(anonymous_12)","decl":{"start":{"line":249,"column":33},"end":{"line":249,"column":34}},"loc":{"start":{"line":249,"column":39},"end":{"line":251,"column":17}},"line":249},"13":{"name":"(anonymous_13)","decl":{"start":{"line":262,"column":33},"end":{"line":262,"column":34}},"loc":{"start":{"line":262,"column":39},"end":{"line":264,"column":17}},"line":262},"14":{"name":"(anonymous_14)","decl":{"start":{"line":274,"column":33},"end":{"line":274,"column":34}},"loc":{"start":{"line":274,"column":39},"end":{"line":276,"column":17}},"line":274},"15":{"name":"(anonymous_15)","decl":{"start":{"line":280,"column":25},"end":{"line":280,"column":26}},"loc":{"start":{"line":280,"column":31},"end":{"line":282,"column":17}},"line":280}},"branchMap":{"0":{"loc":{"start":{"line":72,"column":21},"end":{"line":72,"column":56}},"type":"binary-expr","locations":[{"start":{"line":72,"column":21},"end":{"line":72,"column":37}},{"start":{"line":72,"column":41},"end":{"line":72,"column":56}}],"line":72},"1":{"loc":{"start":{"line":97,"column":14},"end":{"line":103,"column":16}},"type":"cond-expr","locations":[{"start":{"line":98,"column":14},"end":{"line":102,"column":15}},{"start":{"line":103,"column":14},"end":{"line":103,"column":16}}],"line":97},"2":{"loc":{"start":{"line":118,"column":8},"end":{"line":121,"column":9}},"type":"if","locations":[{"start":{"line":118,"column":8},"end":{"line":121,"column":9}},{"start":{"line":118,"column":8},"end":{"line":121,"column":9}}],"line":118},"3":{"loc":{"start":{"line":144,"column":8},"end":{"line":144,"column":39}},"type":"if","locations":[{"start":{"line":144,"column":8},"end":{"line":144,"column":39}},{"start":{"line":144,"column":8},"end":{"line":144,"column":39}}],"line":144},"4":{"loc":{"start":{"line":146,"column":8},"end":{"line":150,"column":9}},"type":"if","locations":[{"start":{"line":146,"column":8},"end":{"line":150,"column":9}},{"start":{"line":146,"column":8},"end":{"line":150,"column":9}}],"line":146},"5":{"loc":{"start":{"line":194,"column":18},"end":{"line":194,"column":63}},"type":"cond-expr","locations":[{"start":{"line":194,"column":42},"end":{"line":194,"column":51}},{"start":{"line":194,"column":54},"end":{"line":194,"column":63}}],"line":194}},"s":{"0":0,"1":0,"2":0,"3":0,"4":0,"5":0,"6":0,"7":0,"8":0,"9":0,"10":0,"11":0,"12":0,"13":0,"14":0,"15":0,"16":0,"17":0,"18":0,"19":0,"20":0,"21":0,"22":0,"23":0,"24":0,"25":0,"26":0,"27":0,"28":0,"29":0,"30":0,"31":0,"32":0,"33":0,"34":0,"35":0,"36":0,"37":0,"38":0,"39":0,"40":0,"41":0,"42":0,"43":0,"44":0,"45":0,"46":0,"47":0,"48":0,"49":0},"f":{"0":0,"1":0,"2":0,"3":0,"4":0,"5":0,"6":0,"7":0,"8":0,"9":0,"10":0,"11":0,"12":0,"13":0,"14":0,"15":0},"b":{"0":[0,0],"1":[0,0],"2":[0,0],"3":[0,0],"4":[0,0],"5":[0,0]},"hash":"6b2201d12d15d5391290be3e4a53efb34cf22b02"}
,"D:\\rocketseat\\appgobarber\\src\\pages\\SignIn\\index.tsx": {"path":"D:\\rocketseat\\appgobarber\\src\\pages\\SignIn\\index.tsx","statementMap":{"0":{"start":{"line":37,"column":25},"end":{"line":136,"column":1}},"1":{"start":{"line":38,"column":21},"end":{"line":38,"column":36}},"2":{"start":{"line":39,"column":18},"end":{"line":39,"column":43}},"3":{"start":{"line":40,"column":22},"end":{"line":40,"column":45}},"4":{"start":{"line":42,"column":21},"end":{"line":42,"column":30}},"5":{"start":{"line":44,"column":23},"end":{"line":70,"column":3}},"6":{"start":{"line":46,"column":6},"end":{"line":67,"column":7}},"7":{"start":{"line":47,"column":8},"end":{"line":47,"column":39}},"8":{"start":{"line":48,"column":23},"end":{"line":53,"column":10}},"9":{"start":{"line":54,"column":8},"end":{"line":56,"column":11}},"10":{"start":{"line":57,"column":8},"end":{"line":57,"column":69}},"11":{"start":{"line":59,"column":8},"end":{"line":62,"column":9}},"12":{"start":{"line":60,"column":10},"end":{"line":60,"column":65}},"13":{"start":{"line":61,"column":10},"end":{"line":61,"column":17}},"14":{"start":{"line":63,"column":8},"end":{"line":66,"column":10}},"15":{"start":{"line":72,"column":2},"end":{"line":135,"column":4}},"16":{"start":{"line":98,"column":18},"end":{"line":98,"column":47}},"17":{"start":{"line":109,"column":18},"end":{"line":109,"column":48}},"18":{"start":{"line":114,"column":18},"end":{"line":114,"column":48}},"19":{"start":{"line":128,"column":10},"end":{"line":128,"column":40}}},"fnMap":{"0":{"name":"(anonymous_0)","decl":{"start":{"line":37,"column":25},"end":{"line":37,"column":26}},"loc":{"start":{"line":37,"column":31},"end":{"line":136,"column":1}},"line":37},"1":{"name":"(anonymous_1)","decl":{"start":{"line":45,"column":4},"end":{"line":45,"column":5}},"loc":{"start":{"line":45,"column":36},"end":{"line":68,"column":5}},"line":45},"2":{"name":"(anonymous_2)","decl":{"start":{"line":97,"column":33},"end":{"line":97,"column":34}},"loc":{"start":{"line":97,"column":39},"end":{"line":99,"column":17}},"line":97},"3":{"name":"(anonymous_3)","decl":{"start":{"line":108,"column":33},"end":{"line":108,"column":34}},"loc":{"start":{"line":108,"column":39},"end":{"line":110,"column":17}},"line":108},"4":{"name":"(anonymous_4)","decl":{"start":{"line":113,"column":25},"end":{"line":113,"column":26}},"loc":{"start":{"line":113,"column":31},"end":{"line":115,"column":17}},"line":113},"5":{"name":"(anonymous_5)","decl":{"start":{"line":120,"column":37},"end":{"line":120,"column":38}},"loc":{"start":{"line":120,"column":43},"end":{"line":120,"column":45}},"line":120},"6":{"name":"(anonymous_6)","decl":{"start":{"line":127,"column":17},"end":{"line":127,"column":18}},"loc":{"start":{"line":127,"column":23},"end":{"line":129,"column":9}},"line":127}},"branchMap":{"0":{"loc":{"start":{"line":59,"column":8},"end":{"line":62,"column":9}},"type":"if","locations":[{"start":{"line":59,"column":8},"end":{"line":62,"column":9}},{"start":{"line":59,"column":8},"end":{"line":62,"column":9}}],"line":59},"1":{"loc":{"start":{"line":76,"column":18},"end":{"line":76,"column":63}},"type":"cond-expr","locations":[{"start":{"line":76,"column":42},"end":{"line":76,"column":51}},{"start":{"line":76,"column":54},"end":{"line":76,"column":63}}],"line":76}},"s":{"0":1,"1":1,"2":1,"3":1,"4":1,"5":1,"6":0,"7":0,"8":0,"9":0,"10":0,"11":0,"12":0,"13":0,"14":0,"15":1,"16":0,"17":0,"18":0,"19":0},"f":{"0":1,"1":0,"2":0,"3":0,"4":0,"5":0,"6":0},"b":{"0":[0,0],"1":[1,0]},"_coverageSchema":"43e27e138ebf9cfc5966b082cf9a028302ed4184","hash":"1853b2c72c0740f2b7f1749510f9058df8cdb3b1"}
,"D:\\rocketseat\\appgobarber\\src\\pages\\SignUp\\index.tsx": {"path":"D:\\rocketseat\\appgobarber\\src\\pages\\SignUp\\index.tsx","statementMap":{"0":{"start":{"line":37,"column":25},"end":{"line":158,"column":1}},"1":{"start":{"line":38,"column":18},"end":{"line":38,"column":41}},"2":{"start":{"line":39,"column":19},"end":{"line":39,"column":42}},"3":{"start":{"line":40,"column":22},"end":{"line":40,"column":45}},"4":{"start":{"line":41,"column":18},"end":{"line":41,"column":43}},"5":{"start":{"line":42,"column":21},"end":{"line":42,"column":36}},"6":{"start":{"line":44,"column":23},"end":{"line":82,"column":3}},"7":{"start":{"line":46,"column":6},"end":{"line":79,"column":7}},"8":{"start":{"line":47,"column":8},"end":{"line":47,"column":39}},"9":{"start":{"line":48,"column":23},"end":{"line":54,"column":10}},"10":{"start":{"line":55,"column":8},"end":{"line":57,"column":11}},"11":{"start":{"line":59,"column":8},"end":{"line":59,"column":38}},"12":{"start":{"line":60,"column":8},"end":{"line":63,"column":10}},"13":{"start":{"line":64,"column":8},"end":{"line":64,"column":28}},"14":{"start":{"line":71,"column":8},"end":{"line":74,"column":9}},"15":{"start":{"line":72,"column":10},"end":{"line":72,"column":65}},"16":{"start":{"line":73,"column":10},"end":{"line":73,"column":17}},"17":{"start":{"line":75,"column":8},"end":{"line":78,"column":10}},"18":{"start":{"line":84,"column":2},"end":{"line":157,"column":4}},"19":{"start":{"line":109,"column":18},"end":{"line":109,"column":44}},"20":{"start":{"line":122,"column":18},"end":{"line":122,"column":47}},"21":{"start":{"line":134,"column":18},"end":{"line":134,"column":48}},"22":{"start":{"line":139,"column":18},"end":{"line":139,"column":48}},"23":{"start":{"line":150,"column":10},"end":{"line":150,"column":30}}},"fnMap":{"0":{"name":"(anonymous_0)","decl":{"start":{"line":37,"column":25},"end":{"line":37,"column":26}},"loc":{"start":{"line":37,"column":31},"end":{"line":158,"column":1}},"line":37},"1":{"name":"(anonymous_1)","decl":{"start":{"line":45,"column":4},"end":{"line":45,"column":5}},"loc":{"start":{"line":45,"column":36},"end":{"line":80,"column":5}},"line":45},"2":{"name":"(anonymous_2)","decl":{"start":{"line":108,"column":33},"end":{"line":108,"column":34}},"loc":{"start":{"line":108,"column":39},"end":{"line":110,"column":17}},"line":108},"3":{"name":"(anonymous_3)","decl":{"start":{"line":121,"column":33},"end":{"line":121,"column":34}},"loc":{"start":{"line":121,"column":39},"end":{"line":123,"column":17}},"line":121},"4":{"name":"(anonymous_4)","decl":{"start":{"line":133,"column":33},"end":{"line":133,"column":34}},"loc":{"start":{"line":133,"column":39},"end":{"line":135,"column":17}},"line":133},"5":{"name":"(anonymous_5)","decl":{"start":{"line":138,"column":25},"end":{"line":138,"column":26}},"loc":{"start":{"line":138,"column":31},"end":{"line":140,"column":17}},"line":138},"6":{"name":"(anonymous_6)","decl":{"start":{"line":149,"column":17},"end":{"line":149,"column":18}},"loc":{"start":{"line":149,"column":23},"end":{"line":151,"column":9}},"line":149}},"branchMap":{"0":{"loc":{"start":{"line":71,"column":8},"end":{"line":74,"column":9}},"type":"if","locations":[{"start":{"line":71,"column":8},"end":{"line":74,"column":9}},{"start":{"line":71,"column":8},"end":{"line":74,"column":9}}],"line":71},"1":{"loc":{"start":{"line":88,"column":18},"end":{"line":88,"column":63}},"type":"cond-expr","locations":[{"start":{"line":88,"column":42},"end":{"line":88,"column":51}},{"start":{"line":88,"column":54},"end":{"line":88,"column":63}}],"line":88}},"s":{"0":0,"1":0,"2":0,"3":0,"4":0,"5":0,"6":0,"7":0,"8":0,"9":0,"10":0,"11":0,"12":0,"13":0,"14":0,"15":0,"16":0,"17":0,"18":0,"19":0,"20":0,"21":0,"22":0,"23":0},"f":{"0":0,"1":0,"2":0,"3":0,"4":0,"5":0,"6":0},"b":{"0":[0,0],"1":[0,0]},"hash":"0df5738432e9d5e82f1207bf97a46e1854c678cc"}
}
